<?xml version="1.0" encoding="UTF-8"?>
<!-- Generated by org.testng.reporters.JUnitReportReporter -->
<testsuite skipped="0" hostname="acer-PC" name="com.crm.qa.testcases.ContactsPageTest" tests="3" failures="0" timestamp="20 Apr 2018 07:35:41 GMT" time="210.227" errors="0">
  <testcase name="validateCreateNewContact" time="46.691" classname="com.crm.qa.testcases.ContactsPageTest"/>
  <testcase name="validateCreateNewContact" time="80.894" classname="com.crm.qa.testcases.ContactsPageTest"/>
  <testcase name="validateCreateNewContact" time="82.642" classname="com.crm.qa.testcases.ContactsPageTest"/>
</testsuite> <!-- com.crm.qa.testcases.ContactsPageTest -->
