<?xml version="1.0" encoding="UTF-8"?>
<!-- Generated by org.testng.reporters.JUnitReportReporter -->
<testsuite skipped="0" hostname="acer-PC" name="com.crm.qa.testcases.LoginPageTest" tests="3" failures="0" timestamp="20 Apr 2018 10:50:19 GMT" time="100.567" errors="0">
  <testcase name="loginPageTitleTest" time="20.706" classname="com.crm.qa.testcases.LoginPageTest"/>
  <testcase name="crmLogoImageTest" time="14.068" classname="com.crm.qa.testcases.LoginPageTest"/>
  <testcase name="loginTest" time="65.793" classname="com.crm.qa.testcases.LoginPageTest"/>
</testsuite> <!-- com.crm.qa.testcases.LoginPageTest -->
